<?xml version="1.0" encoding="UTF-8"?>
<!-- Generated by org.testng.reporters.JUnitReportReporter -->
<testsuite skipped="0" hostname="SRIKANTHGUNDAM" name="com.test.sqs.HerokuappTest" tests="1" failures="0" timestamp="27 Jul 2017 21:22:37 GMT" time="5.627" errors="0">
  <testcase name="exceptionTest" time="5.627" classname="com.test.sqs.HerokuappTest"/>
</testsuite> <!-- com.test.sqs.HerokuappTest -->
