<?xml version="1.0" encoding="UTF-8"?>
<!-- Generated by org.testng.reporters.JUnitReportReporter -->
<testsuite skipped="0" hostname="SRIKANTHGUNDAM" name="com.test.sqs.HerokuappTest" tests="6" failures="0" timestamp="23 Jul 2017 18:22:27 GMT" time="27.564" errors="0">
  <testcase name="verify_heading" time="4.942" classname="com.test.sqs.HerokuappTest"/>
  <testcase name="verify_numberof_columns" time="2.852" classname="com.test.sqs.HerokuappTest"/>
  <testcase name="verify_Click_linkTest" time="10.627" classname="com.test.sqs.HerokuappTest"/>
  <testcase name="verify_Buttons" time="3.229" classname="com.test.sqs.HerokuappTest"/>
  <testcase name="verify_table_heading_names" time="3.086" classname="com.test.sqs.HerokuappTest"/>
  <testcase name="verify_numberof_rows" time="2.828" classname="com.test.sqs.HerokuappTest"/>
</testsuite> <!-- com.test.sqs.HerokuappTest -->
